[2020-10-23T13:18:54.320] [DEBUG] cheese - login => username:admi,password:123456
[2020-10-23T13:18:54.321] [DEBUG] cheese - admi
[2020-10-23T13:18:54.370] [DEBUG] cheese - null
[2020-10-23T13:18:54.370] [DEBUG] cheese - null
[2020-10-23T13:18:59.745] [DEBUG] cheese - login => username:admin,password:123456
[2020-10-23T13:18:59.745] [DEBUG] cheese - admin
[2020-10-23T13:18:59.749] [DEBUG] cheese - null
[2020-10-23T13:18:59.750] [DEBUG] cheese - null
[2020-10-23T13:23:21.711] [DEBUG] cheese - login => username:adm,password:123456
[2020-10-23T13:23:21.712] [DEBUG] cheese - adm
[2020-10-23T13:23:21.716] [DEBUG] cheese - null
[2020-10-23T13:23:21.716] [DEBUG] cheese - null
[2020-10-23T13:23:24.112] [DEBUG] cheese - login => username:admin,password:123456
[2020-10-23T13:23:24.112] [DEBUG] cheese - admin
[2020-10-23T13:23:24.119] [DEBUG] cheese - null
[2020-10-23T13:23:24.119] [DEBUG] cheese - null
[2020-10-23T13:26:54.606] [DEBUG] cheese - login => username:admin,password:123456
[2020-10-23T13:26:54.607] [DEBUG] cheese - admin
[2020-10-23T13:26:54.665] [DEBUG] cheese - null
[2020-10-23T13:26:54.665] [DEBUG] cheese - null
